#
# There is insufficient memory for the Java Runtime Environment to continue.
# Native memory allocation (malloc) failed to allocate 1048576 bytes for AllocateHeap
# Possible reasons:
#   The system is out of physical RAM or swap space
#   The process is running with CompressedOops enabled, and the Java Heap may be blocking the growth of the native heap
# Possible solutions:
#   Reduce memory load on the system
#   Increase physical memory or swap space
#   Check if swap backing store is full
#   Decrease Java heap size (-Xmx/-Xms)
#   Decrease number of Java threads
#   Decrease Java thread stack sizes (-Xss)
#   Set larger code cache with -XX:ReservedCodeCacheSize=
# This output file may be truncated or incomplete.
#
#  Out of Memory Error (./src/hotspot/share/memory/allocation.cpp:46), pid=29052, tid=8224
#
# JRE version:  (11.0.10+8) (build )
# Java VM: OpenJDK 64-Bit Server VM (11.0.10+8-b1145.96, mixed mode, sharing, tiered, compressed oops, g1 gc, windows-amd64)
# No core dump will be written. Minidumps are not enabled by default on client versions of Windows
#

---------------  S U M M A R Y ------------

Command Line: org.jetbrains.git4idea.http.GitAskPassApp Username for 'https://gitee.com': 

Host: 11th Gen Intel(R) Core(TM) i7-11800H @ 2.30GHz, 16 cores, 15G,  Windows 10 , 64 bit Build 19041 (10.0.19041.3636)
Time: Wed Nov 29 10:11:27 2023 中国标准时间 elapsed time: 0.024926 seconds (0d 0h 0m 0s)

---------------  T H R E A D  ---------------

Current thread (0x0000022b6784e000):  JavaThread "Unknown thread" [_thread_in_vm, id=8224, stack(0x000000df20700000,0x000000df20800000)]

Stack: [0x000000df20700000,0x000000df20800000]
Native frames: (J=compiled Java code, j=interpreted, Vv=VM code, C=native code)
V  [jvm.dll+0x5ece6a]
V  [jvm.dll+0x722cd5]
V  [jvm.dll+0x72422d]
V  [jvm.dll+0x7248e3]
V  [jvm.dll+0x2428d8]
V  [jvm.dll+0xb3ac4]
V  [jvm.dll+0x2e07e7]
V  [jvm.dll+0x2d994a]
V  [jvm.dll+0x701817]
V  [jvm.dll+0x70300c]
V  [jvm.dll+0x3585a9]
V  [jvm.dll+0x6e516e]
V  [jvm.dll+0x3c09e3]
V  [jvm.dll+0x3c2c71]
C  [jli.dll+0x5373]
C  [ucrtbase.dll+0x21bb2]
C  [KERNEL32.DLL+0x17344]
C  [ntdll.dll+0x526b1]


---------------  P R O C E S S  ---------------

Threads class SMR info:
_java_thread_list=0x0000022b676be8d0, length=0, elements={
}

Java Threads: ( => current thread )

Other Threads:
  0x0000022b67867800 GCTaskThread "GC Thread#0" [stack: 0x000000df20800000,0x000000df20900000] [id=17584]

[error occurred during error reporting (printing all threads), id 0xc0000005, EXCEPTION_ACCESS_VIOLATION (0xc0000005) at pc=0x00007ff9ba8b5b30]

VM state:not at safepoint (not fully initialized)

VM Mutex/Monitor currently owned by a thread:  ([mutex/lock_event])
[0x0000022b6784a0d0] Heap_lock - owner thread: 0x0000022b6784e000

Heap address: 0x0000000702800000, size: 4056 MB, Compressed Oops mode: Non-zero based: 0x0000000702800000
Narrow klass base: 0x0000000000000000, Narrow klass shift: 0

GC Heap History (0 events):
No events

Deoptimization events (0 events):
No events

Classes redefined (0 events):
No events

Internal exceptions (0 events):
No events

Events (1 events):
Event: 0.018 Loaded shared library D:\IntelliJ IDEA 2020.3.3\jbr\bin\zip.dll


Dynamic libraries:
0x00007ff7c3c70000 - 0x00007ff7c3c7a000 	D:\IntelliJ IDEA 2020.3.3\jbr\bin\java.exe
0x00007ffa2feb0000 - 0x00007ffa300a8000 	C:\Windows\SYSTEM32\ntdll.dll
0x00007ffa2ec70000 - 0x00007ffa2ed2d000 	C:\Windows\System32\KERNEL32.DLL
0x00007ffa2d590000 - 0x00007ffa2d886000 	C:\Windows\System32\KERNELBASE.dll
0x00007ffa2d890000 - 0x00007ffa2d990000 	C:\Windows\System32\ucrtbase.dll
0x00007ffa28e00000 - 0x00007ffa28e19000 	D:\IntelliJ IDEA 2020.3.3\jbr\bin\jli.dll
0x00007ff9eb6a0000 - 0x00007ff9eb6b7000 	D:\IntelliJ IDEA 2020.3.3\jbr\bin\VCRUNTIME140.dll
0x00007ffa2e130000 - 0x00007ffa2e2ce000 	C:\Windows\System32\USER32.dll
0x00007ffa2dee0000 - 0x00007ffa2df02000 	C:\Windows\System32\win32u.dll
0x00007ffa2ec40000 - 0x00007ffa2ec6c000 	C:\Windows\System32\GDI32.dll
0x00007ffa1bb90000 - 0x00007ffa1be2a000 	C:\Windows\WinSxS\amd64_microsoft.windows.common-controls_6595b64144ccf1df_6.0.19041.3636_none_60b6a03d71f818d5\COMCTL32.dll
0x00007ffa2dd70000 - 0x00007ffa2de8a000 	C:\Windows\System32\gdi32full.dll
0x00007ffa2ee60000 - 0x00007ffa2eefe000 	C:\Windows\System32\msvcrt.dll
0x00007ffa2dcd0000 - 0x00007ffa2dd6d000 	C:\Windows\System32\msvcp_win.dll
0x00007ffa2f3e0000 - 0x00007ffa2f410000 	C:\Windows\System32\IMM32.DLL
0x00007ff9b1d40000 - 0x00007ff9b1ddd000 	D:\IntelliJ IDEA 2020.3.3\jbr\bin\msvcp140.dll
0x00007ff9ba5d0000 - 0x00007ff9bb0a0000 	D:\IntelliJ IDEA 2020.3.3\jbr\bin\server\jvm.dll
0x00007ffa2e060000 - 0x00007ffa2e10f000 	C:\Windows\System32\ADVAPI32.dll
0x00007ffa2f410000 - 0x00007ffa2f4ac000 	C:\Windows\System32\sechost.dll
0x00007ffa2f1f0000 - 0x00007ffa2f316000 	C:\Windows\System32\RPCRT4.dll
0x00007ffa2e120000 - 0x00007ffa2e128000 	C:\Windows\System32\PSAPI.DLL
0x00007ffa0cfa0000 - 0x00007ffa0cfa9000 	C:\Windows\SYSTEM32\WSOCK32.dll
0x00007ffa2f020000 - 0x00007ffa2f08b000 	C:\Windows\System32\WS2_32.dll
0x00007ffa24330000 - 0x00007ffa24357000 	C:\Windows\SYSTEM32\WINMM.dll
0x00007ffa259b0000 - 0x00007ffa259ba000 	C:\Windows\SYSTEM32\VERSION.dll
0x00007ffa2bda0000 - 0x00007ffa2bdb2000 	C:\Windows\SYSTEM32\kernel.appcore.dll
0x00007ffa28ec0000 - 0x00007ffa28ed1000 	D:\IntelliJ IDEA 2020.3.3\jbr\bin\verify.dll
0x00007ffa2b300000 - 0x00007ffa2b4e4000 	C:\Windows\SYSTEM32\DBGHELP.DLL
0x00007ffa1afd0000 - 0x00007ffa1b004000 	C:\Windows\SYSTEM32\dbgcore.DLL
0x00007ffa2d990000 - 0x00007ffa2da12000 	C:\Windows\System32\bcryptPrimitives.dll
0x00007ffa28e90000 - 0x00007ffa28eb9000 	D:\IntelliJ IDEA 2020.3.3\jbr\bin\java.dll
0x00007ffa28e80000 - 0x00007ffa28e8b000 	D:\IntelliJ IDEA 2020.3.3\jbr\bin\jimage.dll
0x00007ffa28de0000 - 0x00007ffa28df8000 	D:\IntelliJ IDEA 2020.3.3\jbr\bin\zip.dll

dbghelp: loaded successfully - version: 4.0.5 - missing functions: none
symbol engine: initialized successfully - sym options: 0x614 - pdb path: .;D:\IntelliJ IDEA 2020.3.3\jbr\bin;C:\Windows\SYSTEM32;C:\Windows\WinSxS\amd64_microsoft.windows.common-controls_6595b64144ccf1df_6.0.19041.3636_none_60b6a03d71f818d5;D:\IntelliJ IDEA 2020.3.3\jbr\bin\server

VM Arguments:
java_command: org.jetbrains.git4idea.http.GitAskPassApp Username for 'https://gitee.com': 
java_class_path (initial): D:/IntelliJ IDEA 2020.3.3/plugins/git4idea/lib/git4idea-rt.jar;D:/IntelliJ IDEA 2020.3.3/lib/xmlrpc-2.0.1.jar;D:/IntelliJ IDEA 2020.3.3/lib/commons-codec-1.14.jar
Launcher Type: SUN_STANDARD

[Global flags]
     intx CICompilerCount                          = 12                                        {product} {ergonomic}
     uint ConcGCThreads                            = 3                                         {product} {ergonomic}
     uint G1ConcRefinementThreads                  = 13                                        {product} {ergonomic}
   size_t G1HeapRegionSize                         = 1048576                                   {product} {ergonomic}
    uintx GCDrainStackTargetSize                   = 64                                        {product} {ergonomic}
   size_t InitialHeapSize                          = 266338304                                 {product} {ergonomic}
   size_t MarkStackSize                            = 4194304                                   {product} {ergonomic}
   size_t MaxHeapSize                              = 4253024256                                {product} {ergonomic}
   size_t MinHeapDeltaBytes                        = 1048576                                   {product} {ergonomic}
    uintx NonNMethodCodeHeapSize                   = 7594288                                {pd product} {ergonomic}
    uintx NonProfiledCodeHeapSize                  = 122031976                              {pd product} {ergonomic}
    uintx ProfiledCodeHeapSize                     = 122031976                              {pd product} {ergonomic}
    uintx ReservedCodeCacheSize                    = 251658240                              {pd product} {ergonomic}
     bool SegmentedCodeCache                       = true                                      {product} {ergonomic}
     bool UseCompressedClassPointers               = true                                 {lp64_product} {ergonomic}
     bool UseCompressedOops                        = true                                 {lp64_product} {ergonomic}
     bool UseG1GC                                  = true                                      {product} {ergonomic}
     bool UseLargePagesIndividualAllocation        = false                                  {pd product} {ergonomic}

Logging:
Log output configuration:
 #0: stdout all=warning uptime,level,tags
 #1: stderr all=off uptime,level,tags

Environment Variables:
JAVA_HOME=C:\Program Files\Java\jdk1.8.0_221
CLASSPATH=D:\work\apache-tomcat-8.5.90\lib\servlet-api.jar
PATH=D:\work\Git\mingw64\libexec\git-core;D:\work\Git\mingw64\libexec\git-core;D:\work\Git\mingw64\bin;D:\work\Git\usr\bin;C:\Users\汤生\bin;D:\work\VMware Workstation\bin;C:\Program Files\Microsoft MPI\Bin;C:\Program Files (x86)\Common Files\Oracle\Java\javapath;C:\Program Files\Java\jdk1.8.0_221\bin;C:\Windows\system32;C:\Windows;C:\Windows\System32\Wbem;C:\Windows\System32\WindowsPowerShell\v1.0;C:\Windows\System32\OpenSSH;C:\Program Files (x86)\NVIDIA Corporation\PhysX\Common;C:\Program Files\NVIDIA Corporation\NVIDIA NvDLISR;C:\Program Files\Microsoft SQL Server\110\Tools\Binn;D:\work\apache-tomcat-8.5.90\lib;D:\work\apache-tomcat-8.5.90\lib\servlet-api.jar;D:\work\apache-tomcat-8.5.90\lib\jsp-api.jar;C:\Program Files\Java\jdk1.8.0_221\jre\bin;D:\work\Maven\apache-maven-3.6.3-bin\apache-maven-3.6.3\bin;D:\work\erl-24.2\bin;D:\work\nodejs;C:\Program Files\Microsoft SQL Server\130\Tools\Binn;C:\Program Files\Microsoft SQL Server\Client SDK\ODBC\170\Tools\Binn;C:\Program Files (x86)\Microsoft SQL Server\150\Tools\Binn;C:\Program Files\Microsoft SQL Server\150\Tools\Binn;C:\Program Files\Microsoft SQL Server\150\DTS\Binn;C:\Program Files (x86)\Microsoft SQL Server\150\DTS\Binn;C:\Program Files\Azure Data Studio\bin;D:\work\nvm;D:\work\nodejs;D:\work\Git\cmd;C:\Program Files\Docker\Docker\resources\bin;C:\Program Files\MySQL\MySQL Shell 8.0\bin;E:\Python;D:\软件\Microsoft VS Code\bin;D:\tool\node\node-global;D:\work\nvm;C:\Users\汤生\AppData\Local\Microsoft\WindowsApps;D:\work\nodejs
USERNAME=汤生
DISPLAY=:0.0
LC_ALL=en_US.UTF-8
OS=Windows_NT
PROCESSOR_IDENTIFIER=Intel64 Family 6 Model 141 Stepping 1, GenuineIntel



---------------  S Y S T E M  ---------------

OS: Windows 10 , 64 bit Build 19041 (10.0.19041.3636)
OS uptime: 4 days 11:13 hours
Hyper-V role detected

CPU:total 16 (initial active 16) (8 cores per cpu, 2 threads per core) family 6 model 141 stepping 1 microcode 0x32, cmov, cx8, fxsr, mmx, sse, sse2, sse3, ssse3, sse4.1, sse4.2, popcnt, avx, avx2, aes, clmul, erms, 3dnowpref, lzcnt, ht, tsc, tscinvbit, bmi1, bmi2, adx, evex, sha, fma

Memory: 4k page, system-wide physical 16219M (2613M free)
TotalPageFile size 36699M (AvailPageFile size 5M)
current process WorkingSet (physical memory assigned to process): 10M, peak: 10M
current process commit charge ("private bytes"): 69M, peak: 70M

vm_info: OpenJDK 64-Bit Server VM (11.0.10+8-b1145.96) for windows-amd64 JRE (11.0.10+8-b1145.96), built on Feb 18 2021 01:38:16 by "" with MS VC++ 14.0 (VS2015)

END.
